[36m--[0m Using CATKIN_DEVEL_PREFIX: /home/tama/catkin_ws/devel/.private/vis_lecture
[36m--[0m Using CMAKE_PREFIX_PATH: /home/tama/catkin_ws/devel;/opt/ros/noetic;/home/tama/rollerWalker_ws/devel
[36m--[0m This workspace overlays: /home/tama/catkin_ws/devel;/opt/ros/noetic
[36m--[0m Found PythonInterp: /usr/bin/python3 (found suitable version "3.8.10", minimum required is "3")
[36m--[0m Using PYTHON_EXECUTABLE: /usr/bin/python3
[36m--[0m Using Debian Python package layout
[36m--[0m Using empy: /usr/lib/python3/dist-packages/em.py
[36m--[0m Using CATKIN_ENABLE_TESTING: ON
[36m--[0m Call enable_testing()
[36m--[0m Using CATKIN_TEST_RESULTS_DIR: /home/tama/catkin_ws/build/vis_lecture/test_results
[36m--[0m Forcing gtest/gmock from source, though one was otherwise available.
[36m--[0m Found gtest sources under '/usr/src/googletest': gtests will be built
[36m--[0m Found gmock sources under '/usr/src/googletest': gmock will be built
[36m--[0m Found PythonInterp: /usr/bin/python3 (found version "3.8.10")
[36m--[0m Using Python nosetests: /usr/bin/nosetests3
[36m--[0m catkin 0.8.10
[36m--[0m BUILD_SHARED_LIBS is on
[36m--[0m Using these message generators: gencpp;geneus;genlisp;gennodejs;genpy
[36m--[0m Could NOT find ros_control (missing: ros_control_DIR)
[36m--[0m Could not find the required component 'ros_control'. The following CMake error indicates that you either need to install the package with the same name or change your environment so that it can be found.
[31m[1mCMake Error[0m at /opt/ros/noetic/share/catkin/cmake/catkinConfig.cmake:83 (find_package):
  Could not find a package configuration file provided by "ros_control" with
  any of the following names:

    ros_controlConfig.cmake
    ros_control-config.cmake

  Add the installation prefix of "ros_control" to CMAKE_PREFIX_PATH or set
  "ros_control_DIR" to a directory containing one of the above files.  If
  "ros_control" provides a separate development package or SDK, be sure it
  has been installed.
[36mCall Stack (most recent call first):[0m
  CMakeLists.txt:10 (find_package)


[36m--[0m Configuring incomplete, errors occurred!
See also "/home/tama/catkin_ws/build/vis_lecture/CMakeFiles/CMakeOutput.log".
See also "/home/tama/catkin_ws/build/vis_lecture/CMakeFiles/CMakeError.log".
make: *** [Makefile:1214: cmake_check_build_system] エラー 1
