Performing C SOURCE FILE Test CMAKE_HAVE_LIBC_PTHREAD failed with the following output:
Change Dir: /home/tama/catkin_ws/build/basic_lecture/CMakeFiles/CMakeTmp

Run Build Command(s):/usr/bin/make cmTC_7f999/fast && /usr/bin/make -f CMakeFiles/cmTC_7f999.dir/build.make CMakeFiles/cmTC_7f999.dir/build
make[1]: ディレクトリ '/home/tama/catkin_ws/build/basic_lecture/CMakeFiles/CMakeTmp' に入ります
Building C object CMakeFiles/cmTC_7f999.dir/src.c.o
/usr/bin/cc   -DCMAKE_HAVE_LIBC_PTHREAD   -o CMakeFiles/cmTC_7f999.dir/src.c.o   -c /home/tama/catkin_ws/build/basic_lecture/CMakeFiles/CMakeTmp/src.c
Linking C executable cmTC_7f999
/usr/bin/cmake -E cmake_link_script CMakeFiles/cmTC_7f999.dir/link.txt --verbose=1
/usr/bin/cc  -DCMAKE_HAVE_LIBC_PTHREAD    -rdynamic CMakeFiles/cmTC_7f999.dir/src.c.o  -o cmTC_7f999 
/usr/bin/ld: CMakeFiles/cmTC_7f999.dir/src.c.o: in function `main':
src.c:(.text+0x46): undefined reference to `pthread_create'
/usr/bin/ld: src.c:(.text+0x52): undefined reference to `pthread_detach'
/usr/bin/ld: src.c:(.text+0x63): undefined reference to `pthread_join'
collect2: error: ld returned 1 exit status
make[1]: *** [CMakeFiles/cmTC_7f999.dir/build.make:87: cmTC_7f999] エラー 1
make[1]: ディレクトリ '/home/tama/catkin_ws/build/basic_lecture/CMakeFiles/CMakeTmp' から出ます
make: *** [Makefile:121: cmTC_7f999/fast] エラー 2


Source file was:
#include <pthread.h>

void* test_func(void* data)
{
  return data;
}

int main(void)
{
  pthread_t thread;
  pthread_create(&thread, NULL, test_func, NULL);
  pthread_detach(thread);
  pthread_join(thread, NULL);
  pthread_atfork(NULL, NULL, NULL);
  pthread_exit(NULL);

  return 0;
}

Determining if the function pthread_create exists in the pthreads failed with the following output:
Change Dir: /home/tama/catkin_ws/build/basic_lecture/CMakeFiles/CMakeTmp

Run Build Command(s):/usr/bin/make cmTC_39db7/fast && /usr/bin/make -f CMakeFiles/cmTC_39db7.dir/build.make CMakeFiles/cmTC_39db7.dir/build
make[1]: ディレクトリ '/home/tama/catkin_ws/build/basic_lecture/CMakeFiles/CMakeTmp' に入ります
Building C object CMakeFiles/cmTC_39db7.dir/CheckFunctionExists.c.o
/usr/bin/cc   -DCHECK_FUNCTION_EXISTS=pthread_create   -o CMakeFiles/cmTC_39db7.dir/CheckFunctionExists.c.o   -c /usr/share/cmake-3.16/Modules/CheckFunctionExists.c
Linking C executable cmTC_39db7
/usr/bin/cmake -E cmake_link_script CMakeFiles/cmTC_39db7.dir/link.txt --verbose=1
/usr/bin/cc  -DCHECK_FUNCTION_EXISTS=pthread_create    -rdynamic CMakeFiles/cmTC_39db7.dir/CheckFunctionExists.c.o  -o cmTC_39db7  -lpthreads 
/usr/bin/ld: -lpthreads が見つかりません
collect2: error: ld returned 1 exit status
make[1]: *** [CMakeFiles/cmTC_39db7.dir/build.make:87: cmTC_39db7] エラー 1
make[1]: ディレクトリ '/home/tama/catkin_ws/build/basic_lecture/CMakeFiles/CMakeTmp' から出ます
make: *** [Makefile:121: cmTC_39db7/fast] エラー 2



